{ root: 'D:\\web\\vue\\cms_project',
  registry: 'https://registry.npm.taobao.org',
  pkgs: [ { name: 'vue-material', version: '^0.8.1', type: 'tag' } ],
  production: false,
  cacheDir: 'C:\\Users\\jammy\\.npminstall_tarball',
  env: 
   { npm_config_registry: 'https://registry.npm.taobao.org',
     npm_config_argv: '{"remain":[],"cooked":["--china","--userconfig=C:\\\\Users\\\\jammy\\\\.cnpmrc","--disturl=https://npm.taobao.org/mirrors/node","--registry=https://registry.npm.taobao.org","vue-material","--save"],"original":["--china","--userconfig=C:\\\\Users\\\\jammy\\\\.cnpmrc","--disturl=https://npm.taobao.org/mirrors/node","--registry=https://registry.npm.taobao.org","vue-material","--save"]}',
     NODE: 'D:\\web\\nodejs\\node.exe',
     npm_node_execpath: 'D:\\web\\nodejs\\node.exe',
     npm_execpath: 'D:\\web\\nvm\\npm\\node_modules\\cnpm\\node_modules\\npminstall\\bin\\install.js',
     npm_rootpath: 'D:\\web\\vue\\cms_project',
     npm_config_userconfig: 'C:\\Users\\jammy\\.cnpmrc',
     npm_config_disturl: 'https://npm.taobao.org/mirrors/node',
     npm_config_r: 'https://registry.npm.taobao.org',
     NODEJS_ORG_MIRROR: 'https://npm.taobao.org/mirrors/node',
     NVM_NODEJS_ORG_MIRROR: 'https://npm.taobao.org/mirrors/node',
     NVM_IOJS_ORG_MIRROR: 'https://npm.taobao.org/mirrors/iojs',
     PHANTOMJS_CDNURL: 'https://npm.taobao.org/mirrors/phantomjs',
     CHROMEDRIVER_CDNURL: 'https://tnpm-hz.oss-cn-hangzhou.aliyuncs.com/dist/chromedriver',
     OPERADRIVER_CDNURL: 'https://npm.taobao.org/mirrors/operadriver',
     ELECTRON_MIRROR: 'https://npm.taobao.org/mirrors/electron/',
     SASS_BINARY_SITE: 'https://npm.taobao.org/mirrors/node-sass',
     FLOW_BINARY_MIRROR: 'https://github.com/facebook/flow/releases/download/v',
     PUPPETEER_DOWNLOAD_HOST: 'https://npm.taobao.org/mirrors',
     npm_config_cache: 'C:\\Users\\jammy\\.npminstall_tarball' },
  binaryMirrors: 
   { ENVS: 
      { NODEJS_ORG_MIRROR: 'https://npm.taobao.org/mirrors/node',
        NVM_NODEJS_ORG_MIRROR: 'https://npm.taobao.org/mirrors/node',
        NVM_IOJS_ORG_MIRROR: 'https://npm.taobao.org/mirrors/iojs',
        PHANTOMJS_CDNURL: 'https://npm.taobao.org/mirrors/phantomjs',
        CHROMEDRIVER_CDNURL: 'https://tnpm-hz.oss-cn-hangzhou.aliyuncs.com/dist/chromedriver',
        OPERADRIVER_CDNURL: 'https://npm.taobao.org/mirrors/operadriver',
        ELECTRON_MIRROR: 'https://npm.taobao.org/mirrors/electron/',
        SASS_BINARY_SITE: 'https://npm.taobao.org/mirrors/node-sass',
        FLOW_BINARY_MIRROR: 'https://github.com/facebook/flow/releases/download/v',
        PUPPETEER_DOWNLOAD_HOST: 'https://npm.taobao.org/mirrors' },
     'utf-8-validate': { host: 'https://npm.taobao.org/mirrors/utf-8-validate/v{version}' },
     leveldown: { host: 'https://npm.taobao.org/mirrors/leveldown/v{version}' },
     'leveldown-hyper': { host: 'https://npm.taobao.org/mirrors/leveldown-hyper/v{version}' },
     mknod: { host: 'https://npm.taobao.org/mirrors/mknod/v{version}' },
     couchbase: { host: 'https://npm.taobao.org/mirrors/couchbase/v{version}' },
     'sodium-prebuilt': { host: 'https://npm.taobao.org/mirrors/sodium-prebuilt/v{version}' },
     'utp-native': { host: 'https://npm.taobao.org/mirrors/utp-native/v{version}' },
     'node-tk5': { host: 'https://npm.taobao.org/mirrors/node-tk5/v{version}' },
     'fuse-bindings': { host: 'https://npm.taobao.org/mirrors/fuse-bindings/v{version}' },
     'zmq-prebuilt': { host: 'https://npm.taobao.org/mirrors/zmq-prebuilt/v{version}' },
     gl: { host: 'https://npm.taobao.org/mirrors/gl/v{version}' },
     hackrf: { host: 'https://npm.taobao.org/mirrors/hackrf/v{version}' },
     rabin: { host: 'https://npm.taobao.org/mirrors/rabin/v{version}' },
     'v8-debug': { host: 'https://npm.taobao.org/mirrors/node-inspector' },
     'v8-profiler': { host: 'https://npm.taobao.org/mirrors/node-inspector' },
     sqlite3: { host: 'https://npm.taobao.org/mirrors' },
     grpc: 
      { host: 'https://npm.taobao.org/mirrors',
        remote_path: '{name}/v{version}' },
     fsevents: { host: 'https://npm.taobao.org/mirrors/fsevents' },
     nodegit: { host: 'https://npm.taobao.org/mirrors/nodegit/v{version}' },
     'flow-bin': 
      { replaceHost: 'https://github.com/facebook/flow/releases/download/v',
        host: 'https://npm.taobao.org/mirrors/flow/v' },
     'jpegtran-bin': { replaceHost: [Object], host: 'https://raw.github.cnpmjs.org' },
     'cwebp-bin': { replaceHost: [Object], host: 'https://raw.github.cnpmjs.org' },
     'zopflipng-bin': { replaceHost: [Object], host: 'https://raw.github.cnpmjs.org' },
     'optipng-bin': { replaceHost: [Object], host: 'https://raw.github.cnpmjs.org' },
     mozjpeg: { replaceHost: [Object], host: 'https://raw.github.cnpmjs.org' },
     gifsicle: { replaceHost: [Object], host: 'https://raw.github.cnpmjs.org' },
     'pngquant-bin': 
      { replaceHost: [Object],
        host: 'https://raw.github.cnpmjs.org',
        replaceHostMap: [Object] },
     'pngcrush-bin': { replaceHost: [Object], host: 'https://raw.github.cnpmjs.org' },
     'jpeg-recompress-bin': { replaceHost: [Object], host: 'https://raw.github.cnpmjs.org' },
     'advpng-bin': { replaceHost: [Object], host: 'https://raw.github.cnpmjs.org' },
     'pngout-bin': { replaceHost: [Object], host: 'https://raw.github.cnpmjs.org' },
     'jpegoptim-bin': { replaceHost: [Object], host: 'https://raw.github.cnpmjs.org' } },
  forbiddenLicenses: null,
  flatten: false,
  strictSSL: true,
  ignoreScripts: false,
  detail: false,
  trace: false,
  engineStrict: false,
  registryOnly: false,
  spinner: 
   Ora {
     options: { text: '', color: 'cyan', stream: [Object] },
     spinner: { interval: 130, frames: [Object] },
     text: '[0/1] Installing vue-material@^0.8.1',
     color: 'cyan',
     interval: 130,
     stream: 
      WriteStream {
        connecting: false,
        _hadError: false,
        _handle: [Object],
        _parent: null,
        _host: null,
        _readableState: [Object],
        readable: false,
        domain: null,
        _events: [Object],
        _eventsCount: 3,
        _maxListeners: undefined,
        _writableState: [Object],
        writable: true,
        allowHalfOpen: false,
        destroyed: false,
        _bytesDispatched: 9645,
        _sockname: null,
        _writev: null,
        _pendingData: null,
        _pendingEncoding: '',
        server: null,
        _server: null,
        columns: 120,
        rows: 30,
        _type: 'tty',
        fd: 2,
        _isStdio: true,
        destroySoon: [Function],
        destroy: [Function] },
     id: null,
     frameIndex: 0,
     enabled: true },
  events: 
   EventEmitter {
     domain: null,
     _events: {},
     _eventsCount: 0,
     _maxListeners: 0,
     await: [Function: await] },
  postInstallTasks: [],
  peerDependencies: [],
  linkPeerDependencies: [],
  packageVersions: { 'vue-material': Set { '0.8.1' } },
  latestVersions: Map { 'vue-material' => '0.8.1' },
  latestPackages: Map {},
  cache: 
   { 'npm:resolve:vue-material@^0.8.1': 
      { name: 'vue-material',
        description: 'Material Design for Vue.js',
        version: '0.8.1',
        author: [Object],
        homepage: 'https://vuematerial.github.io',
        license: 'MIT',
        registry: 'github',
        repository: [Object],
        bugs: [Object],
        faircodeId: 'pd_43MCNbpwnjkOYQepTyvPqV',
        keywords: [Object],
        main: 'dist/vue-material.js',
        files: [Object],
        scripts: [Object],
        dependencies: [Object],
        devDependencies: [Object],
        peerDependencies: [Object],
        gitHead: '8695fc285ac43cf50c645082dd73be36b200f7c2',
        _id: 'vue-material@0.8.1',
        _npmVersion: '5.5.1',
        _nodeVersion: '8.8.0',
        _npmUser: [Object],
        dist: [Object],
        maintainers: [Object],
        _npmOperationalInternal: [Object],
        directories: {},
        publish_time: 1508908930700,
        _cnpm_publish_time: 1508908930700,
        _hasShrinkwrap: false,
        'dist-tags': [Object] },
     'download:vue-material@0.8.1': { done: true },
     'install:vue-material@^0.8.1': 
      { package: [Object],
        dir: 'D:\\web\\vue\\cms_project\\node_modules\\._vue-material@0.8.1@vue-material' },
     'install:vue-material:range:0.9.0': 
      { package: [Object],
        dir: 'D:\\web\\vue\\cms_project\\node_modules\\._vue-material@0.8.1@vue-material' } },
  targetDir: 'D:\\web\\vue\\cms_project',
  storeDir: 'D:\\web\\vue\\cms_project\\node_modules',
  timeout: 60000,
  console: 
   { info: 
      { [Function: debug]
        namespace: 'npminstall:format_install_options',
        enabled: false,
        useColors: true,
        color: 3,
        inspectOpts: {} },
     log: 
      { [Function: debug]
        namespace: 'npminstall:format_install_options',
        enabled: false,
        useColors: true,
        color: 3,
        inspectOpts: {} },
     error: [Function: bound ],
     warn: [Function: bound ] },
  start: 1511455866219,
  totalTarballSize: 0,
  totalJSONSize: 3372,
  totalJSONCount: 1,
  localPackages: 0,
  remotePackages: 0,
  registryPackages: 0,
  gitPackages: 0,
  pendingMessages: [],
  recentlyUpdateMinDateTime: 1510851066219,
  recentlyUpdates: Map {},
  onlyShowTodayUpdateToConsole: true,
  remoteNames: {},
  referer: 'install vue-material --uuid=7f8063b0-d06e-11e7-8ff9-ed4c5894efac',
  installRoot: false,
  progresses: 
   { installTasks: 1,
     finishedInstallTasks: 1,
     linkTasks: 0,
     finishedLinkTasks: 0 },
  rootPkgDependencies: 
   { allMap: [Getter],
     all: [Getter],
     prodMap: [Getter],
     prod: [Getter] } }